<?xml version="1.0" encoding="UTF-8"?>
<!-- Generated by org.testng.reporters.JUnitXMLReporter -->
<testsuite ignored="0" hostname="Abhi1996" failures="1" tests="1" name="Test3" time="13.451" errors="0" timestamp="2025-06-03T13:02:59 IST">
  <testcase classname="testCases.Tc_01_AccountRegistration" name="Verify_Account_registration" time="1.762">
    <failure type="java.lang.AssertionError" message="null">
      <![CDATA[java.lang.AssertionError: null
at testCases.Tc_01_AccountRegistration.Verify_Account_registration(Tc_01_AccountRegistration.java:71)
at java.base/java.util.ArrayList.forEach(ArrayList.java:1597)
at java.base/java.util.concurrent.FutureTask.run(FutureTask.java:317)
at java.base/java.util.concurrent.ThreadPoolExecutor.runWorker(ThreadPoolExecutor.java:1144)
at java.base/java.util.concurrent.ThreadPoolExecutor$Worker.run(ThreadPoolExecutor.java:642)
at java.base/java.lang.Thread.run(Thread.java:1570)
... Removed 17 stack frames]]>
    </failure>
  </testcase> <!-- Verify_Account_registration -->
</testsuite> <!-- Test3 -->
