<?xml version="1.0" encoding="UTF-8"?>
<!-- Generated by org.testng.reporters.JUnitXMLReporter -->
<testsuite ignored="0" hostname="Abhi1996" failures="0" tests="8" name="Test" time="15.969" errors="0" timestamp="2025-06-07T09:27:58 IST">
  <testcase classname="testBase.BaseClass" name="@BeforeClass setup" time="7.659">
    <failure type="java.lang.NullPointerException">
      <![CDATA[java.lang.NullPointerException
at java.base/java.util.Objects.requireNonNull(Objects.java:220)
at java.base/java.util.ImmutableCollections$Map1.<init>(ImmutableCollections.java:1112)
at java.base/java.util.Map.of(Map.java:1364)
at org.openqa.selenium.remote.DriverCommand.GET(DriverCommand.java:176)
at org.openqa.selenium.remote.RemoteWebDriver.get(RemoteWebDriver.java:312)
at testBase.BaseClass.setup(BaseClass.java:115)
at java.base/java.util.ArrayList.forEach(ArrayList.java:1597)
... Removed 23 stack frames]]>
    </failure>
  </testcase> <!-- @BeforeClass setup -->
  <testcase classname="testBase.BaseClass" name="@AfterClass tearDown" time="0.0">
    <skipped/>
  </testcase> <!-- @AfterClass tearDown -->
  <testcase classname="testBase.BaseClass" name="@BeforeClass setup" time="2.079">
    <failure type="java.lang.NullPointerException">
      <![CDATA[java.lang.NullPointerException
at java.base/java.util.Objects.requireNonNull(Objects.java:220)
at java.base/java.util.ImmutableCollections$Map1.<init>(ImmutableCollections.java:1112)
at java.base/java.util.Map.of(Map.java:1364)
at org.openqa.selenium.remote.DriverCommand.GET(DriverCommand.java:176)
at org.openqa.selenium.remote.RemoteWebDriver.get(RemoteWebDriver.java:312)
at testBase.BaseClass.setup(BaseClass.java:115)
at java.base/java.util.ArrayList.forEach(ArrayList.java:1597)
... Removed 23 stack frames]]>
    </failure>
  </testcase> <!-- @BeforeClass setup -->
  <testcase classname="testBase.BaseClass" name="@AfterClass tearDown" time="0.0">
    <skipped/>
  </testcase> <!-- @AfterClass tearDown -->
  <testcase classname="testBase.BaseClass" name="@BeforeClass setup" time="1.834">
    <failure type="java.lang.NullPointerException">
      <![CDATA[java.lang.NullPointerException
at java.base/java.util.Objects.requireNonNull(Objects.java:220)
at java.base/java.util.ImmutableCollections$Map1.<init>(ImmutableCollections.java:1112)
at java.base/java.util.Map.of(Map.java:1364)
at org.openqa.selenium.remote.DriverCommand.GET(DriverCommand.java:176)
at org.openqa.selenium.remote.RemoteWebDriver.get(RemoteWebDriver.java:312)
at testBase.BaseClass.setup(BaseClass.java:115)
at java.base/java.util.ArrayList.forEach(ArrayList.java:1597)
... Removed 23 stack frames]]>
    </failure>
  </testcase> <!-- @BeforeClass setup -->
  <testcase classname="testBase.BaseClass" name="@AfterClass tearDown" time="0.0">
    <skipped/>
  </testcase> <!-- @AfterClass tearDown -->
  <testcase classname="testCases.Tc_01_AccountRegistration" name="Verify_Account_registration" time="0.0">
    <skipped/>
  </testcase> <!-- Verify_Account_registration -->
  <testcase classname="testCases.TC_02_LoginToAccount" name="Verify_login" time="0.0">
    <skipped/>
  </testcase> <!-- Verify_login -->
  <testcase classname="testCases.TC_03_LoginDDT" name="VerifyLoginDDT" time="0.0">
    <skipped/>
  </testcase> <!-- VerifyLoginDDT -->
  <testcase classname="testCases.TC_03_LoginDDT" name="VerifyLoginDDT" time="0.0">
    <skipped/>
  </testcase> <!-- VerifyLoginDDT -->
  <testcase classname="testCases.TC_03_LoginDDT" name="VerifyLoginDDT" time="0.0">
    <skipped/>
  </testcase> <!-- VerifyLoginDDT -->
  <testcase classname="testCases.TC_03_LoginDDT" name="VerifyLoginDDT" time="0.0">
    <skipped/>
  </testcase> <!-- VerifyLoginDDT -->
  <testcase classname="testCases.TC_03_LoginDDT" name="VerifyLoginDDT" time="0.0">
    <skipped/>
  </testcase> <!-- VerifyLoginDDT -->
  <testcase classname="testCases.TC_03_LoginDDT" name="VerifyLoginDDT" time="0.0">
    <skipped/>
  </testcase> <!-- VerifyLoginDDT -->
</testsuite> <!-- Test -->
