<?xml version="1.0" encoding="UTF-8"?>
<!-- Generated by org.testng.reporters.JUnitXMLReporter -->
<testsuite ignored="0" hostname="Abhi1996" failures="1" tests="2" name="Test" time="57.545" errors="0" timestamp="2025-06-08T11:06:29 IST">
  <testcase classname="testCases.Tc_01_AccountRegistration" name="Verify_Account_registration" time="10.522">
    <failure type="java.lang.AssertionError" message="null">
      <![CDATA[java.lang.AssertionError: null
at testCases.Tc_01_AccountRegistration.Verify_Account_registration(Tc_01_AccountRegistration.java:73)
at java.base/java.util.ArrayList.forEach(ArrayList.java:1597)
... Removed 31 stack frames]]>
    </failure>
  </testcase> <!-- Verify_Account_registration -->
  <testcase classname="testCases.TC_02_LoginToAccount" name="Verify_login" time="12.752"/>
</testsuite> <!-- Test -->
